<?xml version="1.0" encoding="UTF-8"?>
<testng-results skipped="0" failed="0" ignored="0" total="1" passed="1">
  <reporter-output>
  </reporter-output>
  <suite name="Command line suite" duration-ms="11237" started-at="2020-04-16T11:03:23 EDT" finished-at="2020-04-16T11:03:34 EDT">
    <groups>
    </groups>
    <test name="Command line test" duration-ms="11237" started-at="2020-04-16T11:03:23 EDT" finished-at="2020-04-16T11:03:34 EDT">
      <class name="ram.learning.jenkin.SampleSeleniumTest">
        <test-method status="PASS" signature="startBrowser()[pri:0, instance:ram.learning.jenkin.SampleSeleniumTest@11a7ba62]" name="startBrowser" is-config="true" duration-ms="4148" started-at="2020-04-16T11:03:23 EDT" finished-at="2020-04-16T11:03:27 EDT">
          <reporter-output>
          </reporter-output>
        </test-method> <!-- startBrowser -->
        <test-method status="PASS" signature="validateGoogleId()[pri:0, instance:ram.learning.jenkin.SampleSeleniumTest@11a7ba62]" name="validateGoogleId" duration-ms="6407" started-at="2020-04-16T11:03:27 EDT" finished-at="2020-04-16T11:03:33 EDT">
          <reporter-output>
          </reporter-output>
        </test-method> <!-- validateGoogleId -->
        <test-method status="PASS" signature="closeBrowser()[pri:0, instance:ram.learning.jenkin.SampleSeleniumTest@11a7ba62]" name="closeBrowser" is-config="true" duration-ms="620" started-at="2020-04-16T11:03:33 EDT" finished-at="2020-04-16T11:03:34 EDT">
          <reporter-output>
          </reporter-output>
        </test-method> <!-- closeBrowser -->
      </class> <!-- ram.learning.jenkin.SampleSeleniumTest -->
    </test> <!-- Command line test -->
  </suite> <!-- Command line suite -->
</testng-results>
